<?xml version="1.0" encoding="UTF-8"?>
<!-- Generated by org.testng.reporters.JUnitReportReporter -->
<testsuite hostname="DESKTOP-KDK1JRG" failures="0" tests="4" name="TestOnDataBase" time="0.037" errors="0" timestamp="2024-02-13T19:00:56 GMT" skipped="3">
  <testcase classname="TestOnDataBase" name="InsertVal" time="0.037"/>
  <system-out/>
  <testcase classname="TestOnDataBase" name="updateQuery">
    <skipped/>
  </testcase> <!-- updateQuery -->
  <system-out/>
  <testcase classname="TestOnDataBase" name="readData">
    <skipped/>
  </testcase> <!-- readData -->
  <system-out/>
  <testcase classname="TestOnDataBase" name="DeleteQuery">
    <skipped/>
  </testcase> <!-- DeleteQuery -->
  <system-out/>
</testsuite> <!-- TestOnDataBase -->
